2026-03-11T00:03:26.534+05:30  INFO 5616 --- [order-service] [AsyncResolver-bootstrap-executor-%d] c.n.d.s.r.aws.ConfigClusterResolver      : Resolving eureka endpoints via configuration
2026-03-11T00:08:26.657+05:30  INFO 5616 --- [order-service] [AsyncResolver-bootstrap-executor-%d] c.n.d.s.r.aws.ConfigClusterResolver      : Resolving eureka endpoints via configuration
2026-03-11T01:00:11.312+05:30  WARN 5616 --- [order-service] [HikariPool-1:housekeeper] com.zaxxer.hikari.pool.HikariPool        : HikariPool-1 - Thread starvation or clock leap detected (housekeeper delta=51m14s503ms678µs500ns).
2026-03-11T01:04:21.473+05:30  INFO 5616 --- [order-service] [AsyncResolver-bootstrap-executor-%d] c.n.d.s.r.aws.ConfigClusterResolver      : Resolving eureka endpoints via configuration
2026-03-11T01:09:21.493+05:30  INFO 5616 --- [order-service] [AsyncResolver-bootstrap-executor-%d] c.n.d.s.r.aws.ConfigClusterResolver      : Resolving eureka endpoints via configuration
2026-03-11T01:12:28.216+05:30  WARN 5616 --- [order-service] [HikariPool-1:housekeeper] com.zaxxer.hikari.pool.HikariPool        : HikariPool-1 - Thread starvation or clock leap detected (housekeeper delta=2m46s708ms343µs700ns).
2026-03-11T10:16:10.488+05:30  WARN 5616 --- [order-service] [HikariPool-1:housekeeper] com.zaxxer.hikari.pool.HikariPool        : HikariPool-1 - Thread starvation or clock leap detected (housekeeper delta=9h3m42s272ms293µs400ns).
2026-03-11T10:19:49.138+05:30  INFO 5616 --- [order-service] [AsyncResolver-bootstrap-executor-%d] c.n.d.s.r.aws.ConfigClusterResolver      : Resolving eureka endpoints via configuration
2026-03-11T10:24:49.155+05:30  INFO 5616 --- [order-service] [AsyncResolver-bootstrap-executor-%d] c.n.d.s.r.aws.ConfigClusterResolver      : Resolving eureka endpoints via configuration
2026-03-11T10:29:49.165+05:30  INFO 5616 --- [order-service] [AsyncResolver-bootstrap-executor-%d] c.n.d.s.r.aws.ConfigClusterResolver      : Resolving eureka endpoints via configuration
2026-03-11T10:34:49.176+05:30  INFO 5616 --- [order-service] [AsyncResolver-bootstrap-executor-%d] c.n.d.s.r.aws.ConfigClusterResolver      : Resolving eureka endpoints via configuration
2026-03-11T10:39:49.179+05:30  INFO 5616 --- [order-service] [AsyncResolver-bootstrap-executor-%d] c.n.d.s.r.aws.ConfigClusterResolver      : Resolving eureka endpoints via configuration
2026-03-11T10:44:49.186+05:30  INFO 5616 --- [order-service] [AsyncResolver-bootstrap-executor-%d] c.n.d.s.r.aws.ConfigClusterResolver      : Resolving eureka endpoints via configuration
2026-03-11T10:49:49.197+05:30  INFO 5616 --- [order-service] [AsyncResolver-bootstrap-executor-%d] c.n.d.s.r.aws.ConfigClusterResolver      : Resolving eureka endpoints via configuration
2026-03-11T10:54:49.204+05:30  INFO 5616 --- [order-service] [AsyncResolver-bootstrap-executor-%d] c.n.d.s.r.aws.ConfigClusterResolver      : Resolving eureka endpoints via configuration
2026-03-11T10:59:49.222+05:30  INFO 5616 --- [order-service] [AsyncResolver-bootstrap-executor-%d] c.n.d.s.r.aws.ConfigClusterResolver      : Resolving eureka endpoints via configuration
2026-03-11T11:04:49.234+05:30  INFO 5616 --- [order-service] [AsyncResolver-bootstrap-executor-%d] c.n.d.s.r.aws.ConfigClusterResolver      : Resolving eureka endpoints via configuration
2026-03-11T11:09:49.243+05:30  INFO 5616 --- [order-service] [AsyncResolver-bootstrap-executor-%d] c.n.d.s.r.aws.ConfigClusterResolver      : Resolving eureka endpoints via configuration
2026-03-11T11:51:14.520+05:30  WARN 5616 --- [order-service] [HikariPool-1:housekeeper] com.zaxxer.hikari.pool.HikariPool        : HikariPool-1 - Thread starvation or clock leap detected (housekeeper delta=40m34s460ms467µs200ns).
2026-03-11T15:33:36.613+05:30  WARN 5616 --- [order-service] [HikariPool-1:housekeeper] com.zaxxer.hikari.pool.HikariPool        : HikariPool-1 - Thread starvation or clock leap detected (housekeeper delta=3h42m22s98ms540µs900ns).
2026-03-11T15:36:52.846+05:30  INFO 5616 --- [order-service] [AsyncResolver-bootstrap-executor-%d] c.n.d.s.r.aws.ConfigClusterResolver      : Resolving eureka endpoints via configuration
2026-03-11T15:41:52.986+05:30  INFO 5616 --- [order-service] [AsyncResolver-bootstrap-executor-%d] c.n.d.s.r.aws.ConfigClusterResolver      : Resolving eureka endpoints via configuration
2026-03-11T15:54:19.307+05:30  WARN 5616 --- [order-service] [HikariPool-1:housekeeper] com.zaxxer.hikari.pool.HikariPool        : HikariPool-1 - Thread starvation or clock leap detected (housekeeper delta=11m11s939ms855µs800ns).
2026-03-11T21:07:24.084+05:30  WARN 5616 --- [order-service] [HikariPool-1:housekeeper] com.zaxxer.hikari.pool.HikariPool        : HikariPool-1 - Thread starvation or clock leap detected (housekeeper delta=5h13m4s799ms180µs300ns).
2026-03-11T21:10:11.401+05:30  INFO 5616 --- [order-service] [AsyncResolver-bootstrap-executor-%d] c.n.d.s.r.aws.ConfigClusterResolver      : Resolving eureka endpoints via configuration
2026-03-11T21:15:11.454+05:30  INFO 5616 --- [order-service] [AsyncResolver-bootstrap-executor-%d] c.n.d.s.r.aws.ConfigClusterResolver      : Resolving eureka endpoints via configuration
2026-03-11T21:21:22.915+05:30  WARN 5616 --- [order-service] [HikariPool-1:housekeeper] com.zaxxer.hikari.pool.HikariPool        : HikariPool-1 - Thread starvation or clock leap detected (housekeeper delta=2m28s624ms65µs500ns).
2026-03-11T21:22:21.146+05:30  INFO 5616 --- [order-service] [AsyncResolver-bootstrap-executor-%d] c.n.d.s.r.aws.ConfigClusterResolver      : Resolving eureka endpoints via configuration
2026-03-11T23:07:04.884+05:30  INFO 19340 --- [order-service] [main] com.ecommerce.order.OrderApplication     : Starting OrderApplication using Java 20.0.1 with PID 19340 (E:\My_Workshop\Udemy_Course\project\ecom-microservices\course_material\ecom-microservices\order\target\classes started by rambabu in E:\My_Workshop\Udemy_Course\project\ecom-microservices\course_material\ecom-microservices)
2026-03-11T23:07:04.897+05:30  INFO 19340 --- [order-service] [main] com.ecommerce.order.OrderApplication     : No active profile set, falling back to 1 default profile: "default"
2026-03-11T23:07:05.110+05:30  INFO 19340 --- [order-service] [main] o.s.c.c.c.ConfigServerConfigDataLoader   : Fetching config from server at : http://localhost:8888
2026-03-11T23:07:05.110+05:30  INFO 19340 --- [order-service] [main] o.s.c.c.c.ConfigServerConfigDataLoader   : Located environment: name=order-service, profiles=[default], label=null, version=null, state=null
2026-03-11T23:07:07.388+05:30  INFO 19340 --- [order-service] [main] .s.d.r.c.RepositoryConfigurationDelegate : Bootstrapping Spring Data JPA repositories in DEFAULT mode.
2026-03-11T23:07:07.952+05:30  INFO 19340 --- [order-service] [main] .s.d.r.c.RepositoryConfigurationDelegate : Finished Spring Data repository scanning in 533 ms. Found 2 JPA repository interfaces.
2026-03-11T23:07:08.869+05:30  INFO 19340 --- [order-service] [main] o.s.cloud.context.scope.GenericScope     : BeanFactory id=2e0019d8-bf87-39c8-947f-9b087502c0fc
2026-03-11T23:07:10.574+05:30  INFO 19340 --- [order-service] [main] o.s.boot.tomcat.TomcatWebServer          : Tomcat initialized with port 8083 (http)
2026-03-11T23:07:10.640+05:30  INFO 19340 --- [order-service] [main] o.apache.catalina.core.StandardService   : Starting service [Tomcat]
2026-03-11T23:07:10.641+05:30  INFO 19340 --- [order-service] [main] o.apache.catalina.core.StandardEngine    : Starting Servlet engine: [Apache Tomcat/11.0.15]
2026-03-11T23:07:10.981+05:30  INFO 19340 --- [order-service] [main] b.w.c.s.WebApplicationContextInitializer : Root WebApplicationContext: initialization completed in 5851 ms
2026-03-11T23:07:11.812+05:30  INFO 19340 --- [order-service] [main] org.hibernate.orm.jpa                    : HHH008540: Processing PersistenceUnitInfo [name: default]
2026-03-11T23:07:12.183+05:30  INFO 19340 --- [order-service] [main] org.hibernate.orm.core                   : HHH000001: Hibernate ORM core version 7.2.1.Final
2026-03-11T23:07:14.373+05:30  INFO 19340 --- [order-service] [main] o.s.o.j.p.SpringPersistenceUnitInfo      : No LoadTimeWeaver setup: ignoring JPA class transformer
2026-03-11T23:07:14.523+05:30  INFO 19340 --- [order-service] [main] com.zaxxer.hikari.HikariDataSource       : HikariPool-1 - Starting...
2026-03-11T23:07:15.679+05:30  INFO 19340 --- [order-service] [main] com.zaxxer.hikari.pool.HikariPool        : HikariPool-1 - Added connection org.postgresql.jdbc.PgConnection@54ed249f
2026-03-11T23:07:15.687+05:30  INFO 19340 --- [order-service] [main] com.zaxxer.hikari.HikariDataSource       : HikariPool-1 - Start completed.
2026-03-11T23:07:15.959+05:30  WARN 19340 --- [order-service] [main] org.hibernate.orm.deprecation            : HHH90000025: PostgreSQLDialect does not need to be specified explicitly using 'hibernate.dialect' (remove the property setting and it will be selected by default)
2026-03-11T23:07:16.144+05:30  INFO 19340 --- [order-service] [main] org.hibernate.orm.connections.pooling    : HHH10001005: Database info:
	Database JDBC URL [jdbc:postgresql://localhost:5432/ecomdb]
	Database driver: PostgreSQL JDBC Driver
	Database dialect: PostgreSQLDialect
	Database version: 17.2
	Default catalog/schema: ecomdb/public
	Autocommit mode: undefined/unknown
	Isolation level: READ_COMMITTED [default READ_COMMITTED]
	JDBC fetch size: none
	Pool: DataSourceConnectionProvider
	Minimum pool size: undefined/unknown
	Maximum pool size: undefined/unknown
2026-03-11T23:07:20.904+05:30  INFO 19340 --- [order-service] [main] org.hibernate.orm.core                   : HHH000489: No JTA platform available (set 'hibernate.transaction.jta.platform' to enable JTA platform integration)
2026-03-11T23:07:21.615+05:30  INFO 19340 --- [order-service] [main] j.LocalContainerEntityManagerFactoryBean : Initialized JPA EntityManagerFactory for persistence unit 'default'
2026-03-11T23:07:21.979+05:30  INFO 19340 --- [order-service] [main] o.s.d.j.r.query.QueryEnhancerFactories   : Hibernate is in classpath; If applicable, HQL parser will be used.
2026-03-11T23:07:23.861+05:30  WARN 19340 --- [order-service] [main] JpaBaseConfiguration$JpaWebConfiguration : spring.jpa.open-in-view is enabled by default. Therefore, database queries may be performed during view rendering. Explicitly configure spring.jpa.open-in-view to disable this warning
2026-03-11T23:07:26.640+05:30  INFO 19340 --- [order-service] [main] DiscoveryClientOptionalArgsConfiguration : Eureka HTTP Client uses RestClient.
2026-03-11T23:07:26.770+05:30  WARN 19340 --- [order-service] [main] iguration$LoadBalancerCaffeineWarnLogger : Spring Cloud LoadBalancer is currently working with the default cache. While this cache implementation is useful for development and tests, it's recommended to use Caffeine cache in production.You can switch to using Caffeine cache, by adding it and org.springframework.cache.caffeine.CaffeineCacheManager to the classpath.
2026-03-11T23:07:26.879+05:30  INFO 19340 --- [order-service] [main] o.s.c.n.eureka.InstanceInfoFactory       : Setting initial instance status as: STARTING
2026-03-11T23:07:26.962+05:30  INFO 19340 --- [order-service] [main] com.netflix.discovery.DiscoveryClient    : Initializing Eureka in region us-east-1
2026-03-11T23:07:26.980+05:30  INFO 19340 --- [order-service] [main] c.n.d.s.r.aws.ConfigClusterResolver      : Resolving eureka endpoints via configuration
2026-03-11T23:07:27.007+05:30  INFO 19340 --- [order-service] [main] com.netflix.discovery.DiscoveryClient    : Disable delta property : false
2026-03-11T23:07:27.008+05:30  INFO 19340 --- [order-service] [main] com.netflix.discovery.DiscoveryClient    : Single vip registry refresh property : null
2026-03-11T23:07:27.008+05:30  INFO 19340 --- [order-service] [main] com.netflix.discovery.DiscoveryClient    : Force full registry fetch : false
2026-03-11T23:07:27.008+05:30  INFO 19340 --- [order-service] [main] com.netflix.discovery.DiscoveryClient    : Application is null : false
2026-03-11T23:07:27.008+05:30  INFO 19340 --- [order-service] [main] com.netflix.discovery.DiscoveryClient    : Registered Applications size is zero : true
2026-03-11T23:07:27.009+05:30  INFO 19340 --- [order-service] [main] com.netflix.discovery.DiscoveryClient    : Application version is -1: true
2026-03-11T23:07:27.009+05:30  INFO 19340 --- [order-service] [main] com.netflix.discovery.DiscoveryClient    : Getting all instance registry info from the eureka server
2026-03-11T23:07:28.568+05:30  INFO 19340 --- [order-service] [main] com.netflix.discovery.DiscoveryClient    : The response status is 200
2026-03-11T23:07:28.571+05:30  INFO 19340 --- [order-service] [main] com.netflix.discovery.DiscoveryClient    : Starting heartbeat executor: renew interval is: 30
2026-03-11T23:07:28.576+05:30  INFO 19340 --- [order-service] [main] c.n.discovery.InstanceInfoReplicator     : InstanceInfoReplicator onDemand update allowed rate per min is 4
2026-03-11T23:07:28.578+05:30  INFO 19340 --- [order-service] [main] com.netflix.discovery.DiscoveryClient    : Discovery Client initialized at timestamp 1773250648578 with initial instances count: 0
2026-03-11T23:07:28.585+05:30  INFO 19340 --- [order-service] [main] o.s.c.n.e.s.EurekaServiceRegistry        : Registering application ORDER-SERVICE with eureka with status UP
2026-03-11T23:07:28.586+05:30  INFO 19340 --- [order-service] [main] com.netflix.discovery.DiscoveryClient    : Saw local status change event StatusChangeEvent [timestamp=1773250648586, current=UP, previous=STARTING]
2026-03-11T23:07:28.593+05:30  INFO 19340 --- [order-service] [DiscoveryClient-InstanceInfoReplicator-%d] com.netflix.discovery.DiscoveryClient    : DiscoveryClient_ORDER-SERVICE/order-service:8083: registering service...
2026-03-11T23:07:28.652+05:30  INFO 19340 --- [order-service] [main] o.s.boot.tomcat.TomcatWebServer          : Tomcat started on port 8083 (http) with context path '/'
2026-03-11T23:07:28.657+05:30  INFO 19340 --- [order-service] [main] .s.c.n.e.s.EurekaAutoServiceRegistration : Updating port to 8083
2026-03-11T23:07:29.010+05:30  INFO 19340 --- [order-service] [DiscoveryClient-InstanceInfoReplicator-%d] com.netflix.discovery.DiscoveryClient    : DiscoveryClient_ORDER-SERVICE/order-service:8083 - registration status: 204
2026-03-11T23:07:29.139+05:30  INFO 19340 --- [order-service] [main] com.ecommerce.order.OrderApplication     : Started OrderApplication in 27.388 seconds (process running for 28.943)
2026-03-11T23:07:58.574+05:30  INFO 19340 --- [order-service] [DiscoveryClient-CacheRefreshExecutor-%d] com.netflix.discovery.DiscoveryClient    : Disable delta property : false
2026-03-11T23:07:58.574+05:30  INFO 19340 --- [order-service] [DiscoveryClient-CacheRefreshExecutor-%d] com.netflix.discovery.DiscoveryClient    : Single vip registry refresh property : null
2026-03-11T23:07:58.574+05:30  INFO 19340 --- [order-service] [DiscoveryClient-CacheRefreshExecutor-%d] com.netflix.discovery.DiscoveryClient    : Force full registry fetch : false
2026-03-11T23:07:58.574+05:30  INFO 19340 --- [order-service] [DiscoveryClient-CacheRefreshExecutor-%d] com.netflix.discovery.DiscoveryClient    : Application is null : false
2026-03-11T23:07:58.574+05:30  INFO 19340 --- [order-service] [DiscoveryClient-CacheRefreshExecutor-%d] com.netflix.discovery.DiscoveryClient    : Registered Applications size is zero : true
2026-03-11T23:07:58.574+05:30  INFO 19340 --- [order-service] [DiscoveryClient-CacheRefreshExecutor-%d] com.netflix.discovery.DiscoveryClient    : Application version is -1: false
2026-03-11T23:07:58.574+05:30  INFO 19340 --- [order-service] [DiscoveryClient-CacheRefreshExecutor-%d] com.netflix.discovery.DiscoveryClient    : Getting all instance registry info from the eureka server
2026-03-11T23:07:58.604+05:30  INFO 19340 --- [order-service] [DiscoveryClient-CacheRefreshExecutor-%d] com.netflix.discovery.DiscoveryClient    : The response status is 200
2026-03-11T23:12:27.017+05:30  INFO 19340 --- [order-service] [AsyncResolver-bootstrap-executor-%d] c.n.d.s.r.aws.ConfigClusterResolver      : Resolving eureka endpoints via configuration
2026-03-11T23:17:27.033+05:30  INFO 19340 --- [order-service] [AsyncResolver-bootstrap-executor-%d] c.n.d.s.r.aws.ConfigClusterResolver      : Resolving eureka endpoints via configuration
