2026-03-11T00:02:04.671+05:30  INFO 27692 --- [product-service] [AsyncResolver-bootstrap-executor-%d] c.n.d.s.r.aws.ConfigClusterResolver      : Resolving eureka endpoints via configuration
2026-03-11T00:07:04.771+05:30  INFO 27692 --- [product-service] [AsyncResolver-bootstrap-executor-%d] c.n.d.s.r.aws.ConfigClusterResolver      : Resolving eureka endpoints via configuration
2026-03-11T01:00:08.424+05:30  WARN 27692 --- [product-service] [HikariPool-1:housekeeper] com.zaxxer.hikari.pool.HikariPool        : HikariPool-1 - Thread starvation or clock leap detected (housekeeper delta=51m3s700ms235µs700ns).
2026-03-11T01:02:59.581+05:30  INFO 27692 --- [product-service] [AsyncResolver-bootstrap-executor-%d] c.n.d.s.r.aws.ConfigClusterResolver      : Resolving eureka endpoints via configuration
2026-03-11T01:07:59.600+05:30  INFO 27692 --- [product-service] [AsyncResolver-bootstrap-executor-%d] c.n.d.s.r.aws.ConfigClusterResolver      : Resolving eureka endpoints via configuration
2026-03-11T01:12:29.165+05:30  WARN 27692 --- [product-service] [HikariPool-1:housekeeper] com.zaxxer.hikari.pool.HikariPool        : HikariPool-1 - Thread starvation or clock leap detected (housekeeper delta=2m20s577ms57µs200ns).
2026-03-11T10:16:11.439+05:30  WARN 27692 --- [product-service] [HikariPool-1:housekeeper] com.zaxxer.hikari.pool.HikariPool        : HikariPool-1 - Thread starvation or clock leap detected (housekeeper delta=9h3m42s274ms702µs100ns).
2026-03-11T10:18:27.242+05:30  INFO 27692 --- [product-service] [AsyncResolver-bootstrap-executor-%d] c.n.d.s.r.aws.ConfigClusterResolver      : Resolving eureka endpoints via configuration
2026-03-11T10:23:27.250+05:30  INFO 27692 --- [product-service] [AsyncResolver-bootstrap-executor-%d] c.n.d.s.r.aws.ConfigClusterResolver      : Resolving eureka endpoints via configuration
2026-03-11T10:28:27.256+05:30  INFO 27692 --- [product-service] [AsyncResolver-bootstrap-executor-%d] c.n.d.s.r.aws.ConfigClusterResolver      : Resolving eureka endpoints via configuration
2026-03-11T10:33:27.265+05:30  INFO 27692 --- [product-service] [AsyncResolver-bootstrap-executor-%d] c.n.d.s.r.aws.ConfigClusterResolver      : Resolving eureka endpoints via configuration
2026-03-11T10:38:27.280+05:30  INFO 27692 --- [product-service] [AsyncResolver-bootstrap-executor-%d] c.n.d.s.r.aws.ConfigClusterResolver      : Resolving eureka endpoints via configuration
2026-03-11T10:43:27.294+05:30  INFO 27692 --- [product-service] [AsyncResolver-bootstrap-executor-%d] c.n.d.s.r.aws.ConfigClusterResolver      : Resolving eureka endpoints via configuration
2026-03-11T10:48:27.308+05:30  INFO 27692 --- [product-service] [AsyncResolver-bootstrap-executor-%d] c.n.d.s.r.aws.ConfigClusterResolver      : Resolving eureka endpoints via configuration
2026-03-11T10:53:27.322+05:30  INFO 27692 --- [product-service] [AsyncResolver-bootstrap-executor-%d] c.n.d.s.r.aws.ConfigClusterResolver      : Resolving eureka endpoints via configuration
2026-03-11T10:58:27.326+05:30  INFO 27692 --- [product-service] [AsyncResolver-bootstrap-executor-%d] c.n.d.s.r.aws.ConfigClusterResolver      : Resolving eureka endpoints via configuration
2026-03-11T11:03:27.334+05:30  INFO 27692 --- [product-service] [AsyncResolver-bootstrap-executor-%d] c.n.d.s.r.aws.ConfigClusterResolver      : Resolving eureka endpoints via configuration
2026-03-11T11:08:27.348+05:30  INFO 27692 --- [product-service] [AsyncResolver-bootstrap-executor-%d] c.n.d.s.r.aws.ConfigClusterResolver      : Resolving eureka endpoints via configuration
2026-03-11T11:51:08.438+05:30  WARN 27692 --- [product-service] [HikariPool-1:housekeeper] com.zaxxer.hikari.pool.HikariPool        : HikariPool-1 - Thread starvation or clock leap detected (housekeeper delta=40m26s827ms119µs500ns).
2026-03-11T15:33:31.071+05:30  WARN 27692 --- [product-service] [HikariPool-1:housekeeper] com.zaxxer.hikari.pool.HikariPool        : HikariPool-1 - Thread starvation or clock leap detected (housekeeper delta=3h42m23s330ms959µs800ns).
2026-03-11T15:35:30.947+05:30  INFO 27692 --- [product-service] [AsyncResolver-bootstrap-executor-%d] c.n.d.s.r.aws.ConfigClusterResolver      : Resolving eureka endpoints via configuration
2026-03-11T15:40:31.073+05:30  INFO 27692 --- [product-service] [AsyncResolver-bootstrap-executor-%d] c.n.d.s.r.aws.ConfigClusterResolver      : Resolving eureka endpoints via configuration
2026-03-11T21:07:04.413+05:30  WARN 27692 --- [product-service] [HikariPool-1:housekeeper] com.zaxxer.hikari.pool.HikariPool        : HikariPool-1 - Thread starvation or clock leap detected (housekeeper delta=5h23m33s177ms920µs900ns).
2026-03-11T21:08:49.528+05:30  INFO 27692 --- [product-service] [AsyncResolver-bootstrap-executor-%d] c.n.d.s.r.aws.ConfigClusterResolver      : Resolving eureka endpoints via configuration
2026-03-11T21:13:49.558+05:30  INFO 27692 --- [product-service] [AsyncResolver-bootstrap-executor-%d] c.n.d.s.r.aws.ConfigClusterResolver      : Resolving eureka endpoints via configuration
2026-03-11T21:18:49.576+05:30  INFO 27692 --- [product-service] [AsyncResolver-bootstrap-executor-%d] c.n.d.s.r.aws.ConfigClusterResolver      : Resolving eureka endpoints via configuration
2026-03-11T21:21:32.007+05:30  WARN 27692 --- [product-service] [HikariPool-1:housekeeper] com.zaxxer.hikari.pool.HikariPool        : HikariPool-1 - Thread starvation or clock leap detected (housekeeper delta=2m27s347ms804µs500ns).
2026-03-11T23:07:10.134+05:30  INFO 26952 --- [product-service] [main] c.ecommerce.product.ProductApplication   : Starting ProductApplication using Java 20.0.1 with PID 26952 (E:\My_Workshop\Udemy_Course\project\ecom-microservices\course_material\ecom-microservices\product\target\classes started by rambabu in E:\My_Workshop\Udemy_Course\project\ecom-microservices\course_material\ecom-microservices)
2026-03-11T23:07:10.151+05:30  INFO 26952 --- [product-service] [main] c.ecommerce.product.ProductApplication   : No active profile set, falling back to 1 default profile: "default"
2026-03-11T23:07:10.361+05:30  INFO 26952 --- [product-service] [main] o.s.c.c.c.ConfigServerConfigDataLoader   : Fetching config from server at : http://localhost:8888
2026-03-11T23:07:10.362+05:30  INFO 26952 --- [product-service] [main] o.s.c.c.c.ConfigServerConfigDataLoader   : Located environment: name=product-service, profiles=[default], label=null, version=null, state=null
2026-03-11T23:07:13.332+05:30  INFO 26952 --- [product-service] [main] .s.d.r.c.RepositoryConfigurationDelegate : Bootstrapping Spring Data JPA repositories in DEFAULT mode.
2026-03-11T23:07:13.730+05:30  INFO 26952 --- [product-service] [main] .s.d.r.c.RepositoryConfigurationDelegate : Finished Spring Data repository scanning in 357 ms. Found 1 JPA repository interface.
2026-03-11T23:07:14.581+05:30  INFO 26952 --- [product-service] [main] o.s.cloud.context.scope.GenericScope     : BeanFactory id=921a7ce7-d8a7-3f44-92ab-e4f949c57652
2026-03-11T23:07:16.788+05:30  INFO 26952 --- [product-service] [main] o.s.boot.tomcat.TomcatWebServer          : Tomcat initialized with port 8081 (http)
2026-03-11T23:07:16.881+05:30  INFO 26952 --- [product-service] [main] o.apache.catalina.core.StandardService   : Starting service [Tomcat]
2026-03-11T23:07:16.886+05:30  INFO 26952 --- [product-service] [main] o.apache.catalina.core.StandardEngine    : Starting Servlet engine: [Apache Tomcat/11.0.15]
2026-03-11T23:07:17.292+05:30  INFO 26952 --- [product-service] [main] b.w.c.s.WebApplicationContextInitializer : Root WebApplicationContext: initialization completed in 6908 ms
2026-03-11T23:07:18.184+05:30  INFO 26952 --- [product-service] [main] org.hibernate.orm.jpa                    : HHH008540: Processing PersistenceUnitInfo [name: default]
2026-03-11T23:07:18.608+05:30  INFO 26952 --- [product-service] [main] org.hibernate.orm.core                   : HHH000001: Hibernate ORM core version 7.2.1.Final
2026-03-11T23:07:20.766+05:30  INFO 26952 --- [product-service] [main] o.s.o.j.p.SpringPersistenceUnitInfo      : No LoadTimeWeaver setup: ignoring JPA class transformer
2026-03-11T23:07:20.869+05:30  INFO 26952 --- [product-service] [main] com.zaxxer.hikari.HikariDataSource       : HikariPool-1 - Starting...
2026-03-11T23:07:21.252+05:30  INFO 26952 --- [product-service] [main] com.zaxxer.hikari.pool.HikariPool        : HikariPool-1 - Added connection org.postgresql.jdbc.PgConnection@581d5b33
2026-03-11T23:07:21.258+05:30  INFO 26952 --- [product-service] [main] com.zaxxer.hikari.HikariDataSource       : HikariPool-1 - Start completed.
2026-03-11T23:07:21.396+05:30  WARN 26952 --- [product-service] [main] org.hibernate.orm.deprecation            : HHH90000025: PostgreSQLDialect does not need to be specified explicitly using 'hibernate.dialect' (remove the property setting and it will be selected by default)
2026-03-11T23:07:21.506+05:30  INFO 26952 --- [product-service] [main] org.hibernate.orm.connections.pooling    : HHH10001005: Database info:
	Database JDBC URL [jdbc:postgresql://localhost:5432/ecomdb]
	Database driver: PostgreSQL JDBC Driver
	Database dialect: PostgreSQLDialect
	Database version: 17.2
	Default catalog/schema: ecomdb/public
	Autocommit mode: undefined/unknown
	Isolation level: READ_COMMITTED [default READ_COMMITTED]
	JDBC fetch size: none
	Pool: DataSourceConnectionProvider
	Minimum pool size: undefined/unknown
	Maximum pool size: undefined/unknown
2026-03-11T23:07:23.992+05:30  INFO 26952 --- [product-service] [main] org.hibernate.orm.core                   : HHH000489: No JTA platform available (set 'hibernate.transaction.jta.platform' to enable JTA platform integration)
2026-03-11T23:07:24.129+05:30  INFO 26952 --- [product-service] [main] j.LocalContainerEntityManagerFactoryBean : Initialized JPA EntityManagerFactory for persistence unit 'default'
2026-03-11T23:07:24.393+05:30  INFO 26952 --- [product-service] [main] o.s.d.j.r.query.QueryEnhancerFactories   : Hibernate is in classpath; If applicable, HQL parser will be used.
2026-03-11T23:07:27.307+05:30  WARN 26952 --- [product-service] [main] JpaBaseConfiguration$JpaWebConfiguration : spring.jpa.open-in-view is enabled by default. Therefore, database queries may be performed during view rendering. Explicitly configure spring.jpa.open-in-view to disable this warning
2026-03-11T23:07:29.560+05:30  INFO 26952 --- [product-service] [main] DiscoveryClientOptionalArgsConfiguration : Eureka HTTP Client uses RestClient.
2026-03-11T23:07:29.672+05:30  WARN 26952 --- [product-service] [main] iguration$LoadBalancerCaffeineWarnLogger : Spring Cloud LoadBalancer is currently working with the default cache. While this cache implementation is useful for development and tests, it's recommended to use Caffeine cache in production.You can switch to using Caffeine cache, by adding it and org.springframework.cache.caffeine.CaffeineCacheManager to the classpath.
2026-03-11T23:07:29.756+05:30  INFO 26952 --- [product-service] [main] o.s.c.n.eureka.InstanceInfoFactory       : Setting initial instance status as: STARTING
2026-03-11T23:07:29.853+05:30  INFO 26952 --- [product-service] [main] com.netflix.discovery.DiscoveryClient    : Initializing Eureka in region us-east-1
2026-03-11T23:07:29.867+05:30  INFO 26952 --- [product-service] [main] c.n.d.s.r.aws.ConfigClusterResolver      : Resolving eureka endpoints via configuration
2026-03-11T23:07:29.884+05:30  INFO 26952 --- [product-service] [main] com.netflix.discovery.DiscoveryClient    : Disable delta property : false
2026-03-11T23:07:29.885+05:30  INFO 26952 --- [product-service] [main] com.netflix.discovery.DiscoveryClient    : Single vip registry refresh property : null
2026-03-11T23:07:29.885+05:30  INFO 26952 --- [product-service] [main] com.netflix.discovery.DiscoveryClient    : Force full registry fetch : false
2026-03-11T23:07:29.885+05:30  INFO 26952 --- [product-service] [main] com.netflix.discovery.DiscoveryClient    : Application is null : false
2026-03-11T23:07:29.886+05:30  INFO 26952 --- [product-service] [main] com.netflix.discovery.DiscoveryClient    : Registered Applications size is zero : true
2026-03-11T23:07:29.887+05:30  INFO 26952 --- [product-service] [main] com.netflix.discovery.DiscoveryClient    : Application version is -1: true
2026-03-11T23:07:29.888+05:30  INFO 26952 --- [product-service] [main] com.netflix.discovery.DiscoveryClient    : Getting all instance registry info from the eureka server
2026-03-11T23:07:30.652+05:30  INFO 26952 --- [product-service] [main] com.netflix.discovery.DiscoveryClient    : The response status is 200
2026-03-11T23:07:30.656+05:30  INFO 26952 --- [product-service] [main] com.netflix.discovery.DiscoveryClient    : Starting heartbeat executor: renew interval is: 30
2026-03-11T23:07:30.658+05:30  INFO 26952 --- [product-service] [main] c.n.discovery.InstanceInfoReplicator     : InstanceInfoReplicator onDemand update allowed rate per min is 4
2026-03-11T23:07:30.660+05:30  INFO 26952 --- [product-service] [main] com.netflix.discovery.DiscoveryClient    : Discovery Client initialized at timestamp 1773250650660 with initial instances count: 1
2026-03-11T23:07:30.665+05:30  INFO 26952 --- [product-service] [main] o.s.c.n.e.s.EurekaServiceRegistry        : Registering application PRODUCT-SERVICE with eureka with status UP
2026-03-11T23:07:30.666+05:30  INFO 26952 --- [product-service] [main] com.netflix.discovery.DiscoveryClient    : Saw local status change event StatusChangeEvent [timestamp=1773250650666, current=UP, previous=STARTING]
2026-03-11T23:07:30.680+05:30  INFO 26952 --- [product-service] [DiscoveryClient-InstanceInfoReplicator-%d] com.netflix.discovery.DiscoveryClient    : DiscoveryClient_PRODUCT-SERVICE/product-service:8081: registering service...
2026-03-11T23:07:30.723+05:30  INFO 26952 --- [product-service] [main] o.s.boot.tomcat.TomcatWebServer          : Tomcat started on port 8081 (http) with context path '/'
2026-03-11T23:07:30.726+05:30  INFO 26952 --- [product-service] [main] .s.c.n.e.s.EurekaAutoServiceRegistration : Updating port to 8081
2026-03-11T23:07:30.762+05:30  INFO 26952 --- [product-service] [DiscoveryClient-InstanceInfoReplicator-%d] com.netflix.discovery.DiscoveryClient    : DiscoveryClient_PRODUCT-SERVICE/product-service:8081 - registration status: 204
2026-03-11T23:07:30.974+05:30  INFO 26952 --- [product-service] [main] c.ecommerce.product.ProductApplication   : Started ProductApplication in 23.949 seconds (process running for 26.049)
2026-03-11T23:12:29.906+05:30  INFO 26952 --- [product-service] [AsyncResolver-bootstrap-executor-%d] c.n.d.s.r.aws.ConfigClusterResolver      : Resolving eureka endpoints via configuration
2026-03-11T23:17:29.913+05:30  INFO 26952 --- [product-service] [AsyncResolver-bootstrap-executor-%d] c.n.d.s.r.aws.ConfigClusterResolver      : Resolving eureka endpoints via configuration
